mode: set
clean/pkg/repository/addressrepository.go:9.65,16.2 3 0
clean/pkg/repository/addressrepository.go:18.76,26.16 5 0
clean/pkg/repository/addressrepository.go:26.16,28.3 1 0
clean/pkg/repository/addressrepository.go:30.2,31.17 2 0
clean/pkg/repository/addressrepository.go:31.17,45.17 4 0
clean/pkg/repository/addressrepository.go:45.17,47.4 1 0
clean/pkg/repository/addressrepository.go:49.3,50.23 2 0
clean/pkg/repository/addressrepository.go:52.2,52.21 1 0
clean/pkg/repository/adminRepository.go:17.64,19.2 1 0
clean/pkg/repository/adminRepository.go:20.107,31.16 4 0
clean/pkg/repository/adminRepository.go:31.16,33.3 1 0
clean/pkg/repository/adminRepository.go:34.2,36.18 3 0
clean/pkg/repository/adminRepository.go:36.18,47.17 3 0
clean/pkg/repository/adminRepository.go:47.17,49.4 1 0
clean/pkg/repository/adminRepository.go:50.3,50.30 1 0
clean/pkg/repository/adminRepository.go:52.2,52.35 1 0
clean/pkg/repository/adminRepository.go:52.35,54.3 1 0
clean/pkg/repository/adminRepository.go:55.2,55.97 1 0
clean/pkg/repository/adminRepository.go:57.107,62.16 4 0
clean/pkg/repository/adminRepository.go:62.16,64.3 1 0
clean/pkg/repository/adminRepository.go:65.2,67.18 3 0
clean/pkg/repository/adminRepository.go:67.18,71.17 4 0
clean/pkg/repository/adminRepository.go:71.17,73.4 1 0
clean/pkg/repository/adminRepository.go:74.3,74.30 1 0
clean/pkg/repository/adminRepository.go:76.2,76.97 1 0
clean/pkg/repository/adminRepository.go:78.74,102.2 4 0
clean/pkg/repository/adminRepository.go:103.85,113.16 5 0
clean/pkg/repository/adminRepository.go:113.16,116.3 1 0
clean/pkg/repository/adminRepository.go:117.2,118.18 2 0
clean/pkg/repository/adminRepository.go:118.18,122.17 4 0
clean/pkg/repository/adminRepository.go:122.17,125.4 2 0
clean/pkg/repository/adminRepository.go:127.3,128.33 2 0
clean/pkg/repository/adminRepository.go:130.2,132.22 2 0
clean/pkg/repository/adminRepository.go:134.61,139.16 4 0
clean/pkg/repository/adminRepository.go:139.16,141.3 1 0
clean/pkg/repository/adminRepository.go:142.2,144.16 3 0
clean/pkg/repository/adminRepository.go:144.16,146.3 1 0
clean/pkg/repository/adminRepository.go:147.2,147.12 1 0
clean/pkg/repository/adminRepository.go:149.69,155.2 3 0
clean/pkg/repository/adminRepository.go:156.108,161.16 5 0
clean/pkg/repository/adminRepository.go:161.16,163.3 1 0
clean/pkg/repository/adminRepository.go:164.2,165.18 2 0
clean/pkg/repository/adminRepository.go:165.18,169.17 3 0
clean/pkg/repository/adminRepository.go:169.17,171.4 1 0
clean/pkg/repository/adminRepository.go:172.3,172.44 1 0
clean/pkg/repository/adminRepository.go:174.2,174.104 1 0
clean/pkg/repository/adminRepository.go:176.137,184.16 7 0
clean/pkg/repository/adminRepository.go:184.16,186.3 1 0
clean/pkg/repository/adminRepository.go:187.2,188.18 2 0
clean/pkg/repository/adminRepository.go:188.18,193.17 4 0
clean/pkg/repository/adminRepository.go:193.17,195.4 1 0
clean/pkg/repository/adminRepository.go:196.3,198.17 3 0
clean/pkg/repository/adminRepository.go:198.17,200.4 1 0
clean/pkg/repository/adminRepository.go:201.3,203.20 2 0
clean/pkg/repository/adminRepository.go:203.20,207.4 2 0
clean/pkg/repository/adminRepository.go:208.3,210.15 3 0
clean/pkg/repository/adminRepository.go:213.2,214.100 2 0
clean/pkg/repository/adminRepository.go:216.69,223.2 4 0
clean/pkg/repository/adminRepository.go:224.60,229.2 3 0
clean/pkg/repository/adminRepository.go:230.60,234.2 3 0
clean/pkg/repository/adminRepository.go:235.75,242.16 3 0
clean/pkg/repository/adminRepository.go:242.16,244.3 1 0
clean/pkg/repository/adminRepository.go:247.2,249.16 3 0
clean/pkg/repository/adminRepository.go:249.16,252.3 2 0
clean/pkg/repository/adminRepository.go:253.2,255.28 2 0
clean/pkg/repository/adminRepository.go:255.28,257.17 2 0
clean/pkg/repository/adminRepository.go:257.17,260.4 2 0
clean/pkg/repository/adminRepository.go:264.2,265.12 2 0
clean/pkg/repository/adminRepository.go:267.77,271.2 3 0
clean/pkg/repository/adminRepository.go:272.68,277.2 4 0
clean/pkg/repository/adminRepository.go:278.74,283.2 4 0
clean/pkg/repository/adminRepository.go:284.120,289.16 5 0
clean/pkg/repository/adminRepository.go:289.16,291.3 1 0
clean/pkg/repository/adminRepository.go:292.2,293.18 2 0
clean/pkg/repository/adminRepository.go:293.18,296.17 3 0
clean/pkg/repository/adminRepository.go:296.17,298.4 1 0
clean/pkg/repository/adminRepository.go:299.3,299.30 1 0
clean/pkg/repository/adminRepository.go:301.2,301.97 1 0
clean/pkg/repository/adminRepository.go:303.101,308.16 5 0
clean/pkg/repository/adminRepository.go:308.16,310.3 1 0
clean/pkg/repository/adminRepository.go:311.2,312.18 2 0
clean/pkg/repository/adminRepository.go:312.18,319.17 4 0
clean/pkg/repository/adminRepository.go:319.17,321.4 1 0
clean/pkg/repository/adminRepository.go:322.3,322.33 1 0
clean/pkg/repository/adminRepository.go:324.2,324.98 1 0
clean/pkg/repository/authRepository.go:16.62,20.2 1 1
clean/pkg/repository/authRepository.go:23.65,35.2 4 1
clean/pkg/repository/authRepository.go:38.76,52.2 4 1
clean/pkg/repository/authRepository.go:55.65,61.2 3 1
clean/pkg/repository/authRepository.go:62.81,72.2 4 1
clean/pkg/repository/authRepository.go:73.79,79.2 4 1
clean/pkg/repository/authRepository.go:80.64,85.2 3 1
clean/pkg/repository/authRepository.go:86.61,92.2 4 1
clean/pkg/repository/authRepository.go:93.73,102.2 4 1
clean/pkg/repository/authRepository.go:103.71,107.2 3 1
clean/pkg/repository/user.go:19.62,21.2 1 0
clean/pkg/repository/user.go:22.112,31.16 4 0
clean/pkg/repository/user.go:31.16,33.3 1 0
clean/pkg/repository/user.go:34.2,36.18 3 0
clean/pkg/repository/user.go:36.18,50.17 3 0
clean/pkg/repository/user.go:50.17,53.4 2 0
clean/pkg/repository/user.go:54.3,54.39 1 0
clean/pkg/repository/user.go:57.2,57.100 1 0
clean/pkg/repository/user.go:59.107,63.16 4 0
clean/pkg/repository/user.go:63.16,65.3 1 0
clean/pkg/repository/user.go:66.2,69.18 4 0
clean/pkg/repository/user.go:69.18,72.17 2 0
clean/pkg/repository/user.go:72.17,74.4 1 0
clean/pkg/repository/user.go:75.3,75.42 1 0
clean/pkg/repository/user.go:77.2,77.99 1 0
clean/pkg/repository/user.go:80.141,88.16 6 0
clean/pkg/repository/user.go:88.16,90.3 1 0
clean/pkg/repository/user.go:91.2,93.18 3 0
clean/pkg/repository/user.go:93.18,97.17 4 0
clean/pkg/repository/user.go:97.17,99.4 1 0
clean/pkg/repository/user.go:100.3,101.17 2 0
clean/pkg/repository/user.go:101.17,103.4 1 0
clean/pkg/repository/user.go:104.3,105.18 2 0
clean/pkg/repository/user.go:105.18,107.18 2 0
clean/pkg/repository/user.go:107.18,109.5 1 0
clean/pkg/repository/user.go:110.4,110.34 1 0
clean/pkg/repository/user.go:113.3,116.15 3 0
clean/pkg/repository/user.go:119.2,119.100 1 0
clean/pkg/repository/user.go:122.77,130.2 4 0
clean/pkg/repository/user.go:131.123,140.16 5 0
clean/pkg/repository/user.go:140.16,142.3 1 0
clean/pkg/repository/user.go:143.2,146.18 3 0
clean/pkg/repository/user.go:146.18,149.17 3 0
clean/pkg/repository/user.go:149.17,151.4 1 0
clean/pkg/repository/user.go:152.3,152.30 1 0
clean/pkg/repository/user.go:154.2,154.35 1 0
clean/pkg/repository/user.go:154.35,156.3 1 0
clean/pkg/repository/user.go:158.2,158.97 1 0
clean/pkg/repository/user.go:161.84,166.2 4 0
clean/pkg/repository/user.go:167.112,174.2 5 0
clean/pkg/repository/user.go:176.74,184.2 5 0
clean/pkg/repository/user.go:185.66,189.2 3 0
clean/pkg/repository/user.go:190.86,198.16 4 0
clean/pkg/repository/user.go:198.16,200.3 1 0
clean/pkg/repository/user.go:201.2,203.18 3 0
clean/pkg/repository/user.go:203.18,211.17 2 0
clean/pkg/repository/user.go:211.17,213.4 1 0
clean/pkg/repository/user.go:214.3,214.30 1 0
clean/pkg/repository/user.go:216.2,216.35 1 0
clean/pkg/repository/user.go:216.35,219.3 1 0
clean/pkg/repository/user.go:220.2,220.19 1 0
clean/pkg/repository/user.go:222.70,229.2 4 0
clean/pkg/repository/user.go:230.67,235.2 4 0
clean/pkg/repository/user.go:236.79,240.16 4 0
clean/pkg/repository/user.go:240.16,243.3 2 0
clean/pkg/repository/user.go:244.2,244.14 1 0
clean/pkg/repository/user.go:246.71,250.2 3 0
clean/pkg/repository/user.go:251.77,260.18 7 0
clean/pkg/repository/user.go:260.18,266.3 2 0
clean/pkg/repository/user.go:267.2,267.13 1 0
clean/pkg/repository/user.go:269.74,273.2 3 0
clean/pkg/repository/user.go:274.88,282.2 5 0
clean/pkg/repository/user.go:283.86,297.2 4 0
clean/pkg/repository/user.go:298.90,303.2 4 0
clean/pkg/repository/user.go:304.63,309.2 4 0
clean/pkg/repository/user.go:310.76,315.2 4 0
clean/pkg/repository/user.go:316.73,320.2 3 0
clean/pkg/repository/user.go:321.97,326.2 3 0
clean/pkg/repository/user.go:327.54,331.2 3 0
clean/pkg/repository/user.go:332.121,341.16 6 0
clean/pkg/repository/user.go:341.16,343.3 1 0
clean/pkg/repository/user.go:344.2,346.18 3 0
clean/pkg/repository/user.go:346.18,349.17 2 0
clean/pkg/repository/user.go:349.17,351.4 1 0
clean/pkg/repository/user.go:352.3,354.33 3 0
clean/pkg/repository/user.go:356.2,356.98 1 0
clean/pkg/repository/user.go:358.73,363.2 4 0
clean/pkg/repository/user.go:364.76,369.2 3 0
clean/pkg/repository/user.go:370.73,374.2 3 0
clean/pkg/usecase/addressusecase.go:5.62,8.2 2 0
clean/pkg/usecase/addressusecase.go:9.71,12.2 2 0
clean/pkg/usecase/adminUseCase.go:15.82,19.2 1 0
clean/pkg/usecase/adminUseCase.go:20.108,27.2 2 0
clean/pkg/usecase/adminUseCase.go:28.108,32.2 2 0
clean/pkg/usecase/adminUseCase.go:33.73,36.2 2 0
clean/pkg/usecase/adminUseCase.go:37.84,40.2 2 0
clean/pkg/usecase/adminUseCase.go:41.136,44.2 2 0
clean/pkg/usecase/adminUseCase.go:45.60,48.2 2 0
clean/pkg/usecase/adminUseCase.go:49.68,52.2 2 0
clean/pkg/usecase/adminUseCase.go:55.68,58.2 2 0
clean/pkg/usecase/adminUseCase.go:59.107,62.2 2 0
clean/pkg/usecase/adminUseCase.go:64.80,68.2 2 0
clean/pkg/usecase/adminUseCase.go:69.80,72.2 2 0
clean/pkg/usecase/adminUseCase.go:73.74,76.2 2 0
clean/pkg/usecase/adminUseCase.go:77.76,80.2 2 0
clean/pkg/usecase/adminUseCase.go:81.67,84.2 2 0
clean/pkg/usecase/adminUseCase.go:85.73,88.2 2 0
clean/pkg/usecase/adminUseCase.go:89.118,92.2 2 0
clean/pkg/usecase/adminUseCase.go:93.100,96.2 2 0
clean/pkg/usecase/authUseCase.go:22.126,28.2 1 1
clean/pkg/usecase/authUseCase.go:31.73,33.31 2 0
clean/pkg/usecase/authUseCase.go:33.31,36.3 1 0
clean/pkg/usecase/authUseCase.go:38.2,40.16 3 0
clean/pkg/usecase/authUseCase.go:40.16,42.3 1 0
clean/pkg/usecase/authUseCase.go:43.2,46.18 2 0
clean/pkg/usecase/authUseCase.go:50.65,60.16 7 0
clean/pkg/usecase/authUseCase.go:60.16,64.3 1 0
clean/pkg/usecase/authUseCase.go:66.2,68.16 3 0
clean/pkg/usecase/authUseCase.go:68.16,70.3 1 0
clean/pkg/usecase/authUseCase.go:71.2,71.12 1 0
clean/pkg/usecase/authUseCase.go:75.67,78.2 2 0
clean/pkg/usecase/authUseCase.go:79.60,82.2 2 0
clean/pkg/usecase/authUseCase.go:85.64,88.16 2 0
clean/pkg/usecase/authUseCase.go:88.16,90.3 1 0
clean/pkg/usecase/authUseCase.go:91.2,91.27 1 0
clean/pkg/usecase/authUseCase.go:91.27,93.3 1 0
clean/pkg/usecase/authUseCase.go:94.2,95.22 2 0
clean/pkg/usecase/authUseCase.go:95.22,97.3 1 0
clean/pkg/usecase/authUseCase.go:98.2,98.12 1 0
clean/pkg/usecase/authUseCase.go:102.75,105.2 2 0
clean/pkg/usecase/authUseCase.go:108.55,110.2 1 0
clean/pkg/usecase/authUseCase.go:113.81,116.2 2 0
clean/pkg/usecase/authUseCase.go:117.68,120.26 2 0
clean/pkg/usecase/authUseCase.go:120.26,122.3 1 0
clean/pkg/usecase/authUseCase.go:123.2,123.16 1 0
clean/pkg/usecase/authUseCase.go:123.16,125.3 1 0
clean/pkg/usecase/authUseCase.go:126.2,127.22 2 0
clean/pkg/usecase/authUseCase.go:127.22,129.3 1 0
clean/pkg/usecase/authUseCase.go:130.2,130.12 1 0
clean/pkg/usecase/authUseCase.go:132.81,135.2 2 1
clean/pkg/usecase/authUseCase.go:136.72,140.2 2 1
clean/pkg/usecase/authUseCase.go:141.70,144.2 2 0
clean/pkg/usecase/jwtService.go:20.44,24.2 1 0
clean/pkg/usecase/jwtService.go:26.83,40.16 5 0
clean/pkg/usecase/jwtService.go:40.16,42.3 1 0
clean/pkg/usecase/jwtService.go:43.2,43.20 1 0
clean/pkg/usecase/jwtService.go:47.84,50.17 3 0
clean/pkg/usecase/jwtService.go:50.17,51.36 1 0
clean/pkg/usecase/jwtService.go:51.36,53.4 1 0
clean/pkg/usecase/jwtService.go:55.2,55.22 1 0
clean/pkg/usecase/jwtService.go:59.111,61.47 1 0
clean/pkg/usecase/jwtService.go:61.47,62.58 1 0
clean/pkg/usecase/jwtService.go:62.58,64.4 1 0
clean/pkg/usecase/jwtService.go:65.3,65.34 1 0
clean/pkg/usecase/productUsecase.go:8.76,12.2 2 0
clean/pkg/usecase/productUsecase.go:13.122,16.2 2 0
clean/pkg/usecase/productUsecase.go:17.83,21.2 2 0
clean/pkg/usecase/productUsecase.go:22.111,25.2 2 0
clean/pkg/usecase/productUsecase.go:27.73,31.2 2 0
clean/pkg/usecase/productUsecase.go:33.85,36.2 2 0
clean/pkg/usecase/productUsecase.go:37.69,40.2 2 0
clean/pkg/usecase/user.go:18.74,22.2 1 0
clean/pkg/usecase/user.go:23.111,27.2 2 0
clean/pkg/usecase/user.go:28.106,31.2 2 0
clean/pkg/usecase/user.go:32.140,36.2 2 0
clean/pkg/usecase/user.go:38.78,42.2 2 0
clean/pkg/usecase/user.go:43.70,48.2 2 0
clean/pkg/usecase/user.go:50.76,55.2 2 0
clean/pkg/usecase/user.go:56.73,59.2 2 0
clean/pkg/usecase/user.go:60.87,63.2 2 0
clean/pkg/usecase/user.go:64.65,67.2 2 0
clean/pkg/usecase/user.go:68.84,72.2 2 0
clean/pkg/usecase/user.go:73.89,78.2 2 0
clean/pkg/usecase/user.go:80.66,84.2 2 0
clean/pkg/usecase/user.go:85.62,89.2 2 0
clean/pkg/usecase/user.go:90.75,93.2 2 0
clean/pkg/usecase/user.go:94.71,98.2 2 0
clean/pkg/usecase/user.go:99.95,102.2 2 0
clean/pkg/usecase/user.go:103.53,106.2 2 0
clean/pkg/usecase/user.go:107.120,111.2 2 0
clean/pkg/usecase/user.go:112.72,115.2 2 0
clean/pkg/usecase/user.go:116.75,119.2 2 0
clean/pkg/usecase/user.go:120.77,122.16 2 0
clean/pkg/usecase/user.go:122.16,124.3 1 0
clean/pkg/usecase/user.go:125.2,127.12 3 0
