mode: set
clean/pkg/repository/addressrepository.go:9.65,16.2 3 0
clean/pkg/repository/addressrepository.go:18.76,26.16 5 0
clean/pkg/repository/addressrepository.go:26.16,28.3 1 0
clean/pkg/repository/addressrepository.go:30.2,31.17 2 0
clean/pkg/repository/addressrepository.go:31.17,45.17 4 0
clean/pkg/repository/addressrepository.go:45.17,47.4 1 0
clean/pkg/repository/addressrepository.go:49.3,50.23 2 0
clean/pkg/repository/addressrepository.go:52.2,52.21 1 0
clean/pkg/repository/adminRepository.go:17.64,19.2 1 0
clean/pkg/repository/adminRepository.go:20.107,31.16 4 0
clean/pkg/repository/adminRepository.go:31.16,33.3 1 0
clean/pkg/repository/adminRepository.go:34.2,36.18 3 0
clean/pkg/repository/adminRepository.go:36.18,47.17 3 0
clean/pkg/repository/adminRepository.go:47.17,49.4 1 0
clean/pkg/repository/adminRepository.go:50.3,50.30 1 0
clean/pkg/repository/adminRepository.go:52.2,52.35 1 0
clean/pkg/repository/adminRepository.go:52.35,54.3 1 0
clean/pkg/repository/adminRepository.go:55.2,55.97 1 0
clean/pkg/repository/adminRepository.go:57.107,62.16 4 0
clean/pkg/repository/adminRepository.go:62.16,64.3 1 0
clean/pkg/repository/adminRepository.go:65.2,67.18 3 0
clean/pkg/repository/adminRepository.go:67.18,71.17 4 0
clean/pkg/repository/adminRepository.go:71.17,73.4 1 0
clean/pkg/repository/adminRepository.go:74.3,74.30 1 0
clean/pkg/repository/adminRepository.go:76.2,76.97 1 0
clean/pkg/repository/adminRepository.go:78.74,102.2 4 0
clean/pkg/repository/adminRepository.go:103.85,113.16 5 0
clean/pkg/repository/adminRepository.go:113.16,116.3 1 0
clean/pkg/repository/adminRepository.go:117.2,118.18 2 0
clean/pkg/repository/adminRepository.go:118.18,122.17 4 0
clean/pkg/repository/adminRepository.go:122.17,125.4 2 0
clean/pkg/repository/adminRepository.go:127.3,128.33 2 0
clean/pkg/repository/adminRepository.go:130.2,132.22 2 0
clean/pkg/repository/adminRepository.go:134.61,139.16 4 0
clean/pkg/repository/adminRepository.go:139.16,141.3 1 0
clean/pkg/repository/adminRepository.go:142.2,144.16 3 0
clean/pkg/repository/adminRepository.go:144.16,146.3 1 0
clean/pkg/repository/adminRepository.go:147.2,147.12 1 0
clean/pkg/repository/adminRepository.go:149.69,155.2 3 0
clean/pkg/repository/adminRepository.go:156.108,161.16 5 0
clean/pkg/repository/adminRepository.go:161.16,163.3 1 0
clean/pkg/repository/adminRepository.go:164.2,165.18 2 0
clean/pkg/repository/adminRepository.go:165.18,169.17 3 0
clean/pkg/repository/adminRepository.go:169.17,171.4 1 0
clean/pkg/repository/adminRepository.go:172.3,172.44 1 0
clean/pkg/repository/adminRepository.go:174.2,174.104 1 0
clean/pkg/repository/adminRepository.go:176.137,184.16 7 0
clean/pkg/repository/adminRepository.go:184.16,186.3 1 0
clean/pkg/repository/adminRepository.go:187.2,188.18 2 0
clean/pkg/repository/adminRepository.go:188.18,193.17 4 0
clean/pkg/repository/adminRepository.go:193.17,195.4 1 0
clean/pkg/repository/adminRepository.go:196.3,198.17 3 0
clean/pkg/repository/adminRepository.go:198.17,200.4 1 0
clean/pkg/repository/adminRepository.go:201.3,203.20 2 0
clean/pkg/repository/adminRepository.go:203.20,207.4 2 0
clean/pkg/repository/adminRepository.go:208.3,210.15 3 0
clean/pkg/repository/adminRepository.go:213.2,214.100 2 0
clean/pkg/repository/adminRepository.go:216.69,223.2 4 0
clean/pkg/repository/adminRepository.go:224.60,229.2 3 0
clean/pkg/repository/adminRepository.go:230.60,234.2 3 0
clean/pkg/repository/adminRepository.go:235.75,242.16 3 0
clean/pkg/repository/adminRepository.go:242.16,244.3 1 0
clean/pkg/repository/adminRepository.go:247.2,249.16 3 0
clean/pkg/repository/adminRepository.go:249.16,252.3 2 0
clean/pkg/repository/adminRepository.go:253.2,255.28 2 0
clean/pkg/repository/adminRepository.go:255.28,257.17 2 0
clean/pkg/repository/adminRepository.go:257.17,260.4 2 0
clean/pkg/repository/adminRepository.go:264.2,265.12 2 0
clean/pkg/repository/adminRepository.go:267.77,271.2 3 0
clean/pkg/repository/adminRepository.go:272.68,277.2 4 0
clean/pkg/repository/adminRepository.go:278.74,283.2 4 0
clean/pkg/repository/adminRepository.go:284.120,289.16 5 0
clean/pkg/repository/adminRepository.go:289.16,291.3 1 0
clean/pkg/repository/adminRepository.go:292.2,293.18 2 0
clean/pkg/repository/adminRepository.go:293.18,296.17 3 0
clean/pkg/repository/adminRepository.go:296.17,298.4 1 0
clean/pkg/repository/adminRepository.go:299.3,299.30 1 0
clean/pkg/repository/adminRepository.go:301.2,301.97 1 0
clean/pkg/repository/adminRepository.go:303.101,308.16 5 0
clean/pkg/repository/adminRepository.go:308.16,310.3 1 0
clean/pkg/repository/adminRepository.go:311.2,312.18 2 0
clean/pkg/repository/adminRepository.go:312.18,319.17 4 0
clean/pkg/repository/adminRepository.go:319.17,321.4 1 0
clean/pkg/repository/adminRepository.go:322.3,322.33 1 0
clean/pkg/repository/adminRepository.go:324.2,324.98 1 0
clean/pkg/repository/authRepository.go:18.62,22.2 1 1
clean/pkg/repository/authRepository.go:25.65,37.2 4 1
clean/pkg/repository/authRepository.go:40.76,55.2 4 1
clean/pkg/repository/authRepository.go:58.65,64.2 3 1
clean/pkg/repository/authRepository.go:65.81,79.2 4 0
clean/pkg/repository/authRepository.go:80.79,87.2 4 0
clean/pkg/repository/authRepository.go:88.64,93.16 4 0
clean/pkg/repository/authRepository.go:93.16,95.3 1 0
clean/pkg/repository/authRepository.go:96.2,96.12 1 0
clean/pkg/repository/authRepository.go:99.61,103.16 4 0
clean/pkg/repository/authRepository.go:103.16,105.3 1 0
clean/pkg/repository/authRepository.go:106.2,106.12 1 0
clean/pkg/repository/authRepository.go:108.73,120.2 5 0
clean/pkg/repository/authRepository.go:121.71,125.2 3 0
clean/pkg/repository/user.go:19.62,21.2 1 0
clean/pkg/repository/user.go:22.112,31.16 4 0
clean/pkg/repository/user.go:31.16,33.3 1 0
clean/pkg/repository/user.go:34.2,36.18 3 0
clean/pkg/repository/user.go:36.18,50.17 3 0
clean/pkg/repository/user.go:50.17,53.4 2 0
clean/pkg/repository/user.go:54.3,54.39 1 0
clean/pkg/repository/user.go:57.2,57.100 1 0
clean/pkg/repository/user.go:59.107,63.16 4 0
clean/pkg/repository/user.go:63.16,65.3 1 0
clean/pkg/repository/user.go:66.2,69.18 4 0
clean/pkg/repository/user.go:69.18,72.17 2 0
clean/pkg/repository/user.go:72.17,74.4 1 0
clean/pkg/repository/user.go:75.3,75.42 1 0
clean/pkg/repository/user.go:77.2,77.99 1 0
clean/pkg/repository/user.go:80.141,88.16 6 0
clean/pkg/repository/user.go:88.16,90.3 1 0
clean/pkg/repository/user.go:91.2,93.18 3 0
clean/pkg/repository/user.go:93.18,97.17 4 0
clean/pkg/repository/user.go:97.17,99.4 1 0
clean/pkg/repository/user.go:100.3,101.17 2 0
clean/pkg/repository/user.go:101.17,103.4 1 0
clean/pkg/repository/user.go:104.3,105.18 2 0
clean/pkg/repository/user.go:105.18,107.18 2 0
clean/pkg/repository/user.go:107.18,109.5 1 0
clean/pkg/repository/user.go:110.4,110.34 1 0
clean/pkg/repository/user.go:113.3,116.15 3 0
clean/pkg/repository/user.go:119.2,119.100 1 0
clean/pkg/repository/user.go:122.77,130.2 4 0
clean/pkg/repository/user.go:131.123,140.16 5 0
clean/pkg/repository/user.go:140.16,142.3 1 0
clean/pkg/repository/user.go:143.2,146.18 3 0
clean/pkg/repository/user.go:146.18,149.17 3 0
clean/pkg/repository/user.go:149.17,151.4 1 0
clean/pkg/repository/user.go:152.3,152.30 1 0
clean/pkg/repository/user.go:154.2,154.35 1 0
clean/pkg/repository/user.go:154.35,156.3 1 0
clean/pkg/repository/user.go:158.2,158.97 1 0
clean/pkg/repository/user.go:161.84,166.2 4 0
clean/pkg/repository/user.go:167.112,174.2 5 0
clean/pkg/repository/user.go:176.74,184.2 5 0
clean/pkg/repository/user.go:185.66,189.2 3 0
clean/pkg/repository/user.go:190.86,198.16 4 0
clean/pkg/repository/user.go:198.16,200.3 1 0
clean/pkg/repository/user.go:201.2,203.18 3 0
clean/pkg/repository/user.go:203.18,211.17 2 0
clean/pkg/repository/user.go:211.17,213.4 1 0
clean/pkg/repository/user.go:214.3,214.30 1 0
clean/pkg/repository/user.go:216.2,216.35 1 0
clean/pkg/repository/user.go:216.35,219.3 1 0
clean/pkg/repository/user.go:220.2,220.19 1 0
clean/pkg/repository/user.go:222.70,229.2 4 0
clean/pkg/repository/user.go:230.67,235.2 4 0
clean/pkg/repository/user.go:236.79,240.16 4 0
clean/pkg/repository/user.go:240.16,243.3 2 0
clean/pkg/repository/user.go:244.2,244.14 1 0
clean/pkg/repository/user.go:246.71,250.2 3 0
clean/pkg/repository/user.go:251.77,260.18 7 0
clean/pkg/repository/user.go:260.18,266.3 2 0
clean/pkg/repository/user.go:267.2,267.13 1 0
clean/pkg/repository/user.go:269.74,273.2 3 0
clean/pkg/repository/user.go:274.88,282.2 5 0
clean/pkg/repository/user.go:283.86,297.2 4 0
clean/pkg/repository/user.go:298.90,303.2 4 0
clean/pkg/repository/user.go:304.63,309.2 4 0
clean/pkg/repository/user.go:310.76,315.2 4 0
clean/pkg/repository/user.go:316.73,320.2 3 0
clean/pkg/repository/user.go:321.97,326.2 3 0
clean/pkg/repository/user.go:327.54,331.2 3 0
clean/pkg/repository/user.go:332.121,341.16 6 0
clean/pkg/repository/user.go:341.16,343.3 1 0
clean/pkg/repository/user.go:344.2,346.18 3 0
clean/pkg/repository/user.go:346.18,349.17 2 0
clean/pkg/repository/user.go:349.17,351.4 1 0
clean/pkg/repository/user.go:352.3,354.33 3 0
clean/pkg/repository/user.go:356.2,356.98 1 0
clean/pkg/repository/user.go:358.73,363.2 4 0
clean/pkg/repository/user.go:364.76,369.2 3 0
clean/pkg/repository/user.go:370.73,374.2 3 0
